2015-05-16 23:48:20.219 ionFullApp[8507:211511] DiskCookieStorage changing policy from 2 to 0, cookie file: file:///Users/marklovett/Library/Developer/CoreSimulator/Devices/4C78A1B3-8367-4322-B19D-5BAD2FA9DD1B/data/Containers/Data/Application/3E2881D4-19BC-43F1-8B06-223CB01B1AB5/Library/Cookies/Cookies.binarycookies
2015-05-16 23:48:20.498 ionFullApp[8507:211511] Apache Cordova native platform version 3.8.0 is starting.
2015-05-16 23:48:20.498 ionFullApp[8507:211511] Multi-tasking -> Device: YES, App: YES
2015-05-16 23:48:20.518 ionFullApp[8507:211511] Unlimited access to network resources
2015-05-16 23:48:20.796 ionFullApp[8507:211511] CDVPlugin class CDVAdMobPlugin (pluginName: admob) does not exist.
2015-05-16 23:48:20.796 ionFullApp[8507:211511] [CDVTimer][admob] 0.147045ms
2015-05-16 23:48:20.796 ionFullApp[8507:211511] CDVPlugin class SocialSharing (pluginName: socialsharing) does not exist.
2015-05-16 23:48:20.796 ionFullApp[8507:211511] [CDVTimer][socialsharing] 0.135958ms
2015-05-16 23:48:20.796 ionFullApp[8507:211511] [CDVTimer][TotalPluginStartup] 0.558019ms
2015-05-16 23:48:21.100 ionFullApp[8507:211511] Resetting plugins due to page load.
2015-05-16 23:48:21.820 ionFullApp[8507:211511] Finished load of: file:///Users/marklovett/Library/Developer/CoreSimulator/Devices/4C78A1B3-8367-4322-B19D-5BAD2FA9DD1B/data/Containers/Bundle/Application/9ADA9FF1-A72B-468F-B4D6-96BF5C7A62E8/ionFullApp.app/www/index.html#/
2015-05-16 23:48:21.950 ionFullApp[8507:211511] CDVPlugin class CDVAppRate (pluginName: AppRate) does not exist.
2015-05-16 23:48:21.950 ionFullApp[8507:211511] ERROR: Plugin 'AppRate' not found, or is not a CDVPlugin. Check your plugin mapping in config.xml.
2015-05-16 23:48:21.950 ionFullApp[8507:211511] -[CDVCommandQueue executePending] [Line 159] FAILED pluginJSON = ["AppRate1072949437","AppRate","getAppVersion",[]]
2015-05-16 23:48:21.952 ionFullApp[8507:211511] CDVPlugin class CDVAppRate (pluginName: AppRate) does not exist.
2015-05-16 23:48:21.952 ionFullApp[8507:211511] ERROR: Plugin 'AppRate' not found, or is not a CDVPlugin. Check your plugin mapping in config.xml.
2015-05-16 23:48:21.952 ionFullApp[8507:211511] -[CDVCommandQueue executePending] [Line 159] FAILED pluginJSON = ["AppRate1072949438","AppRate","getAppTitle",[]]
2015-05-16 23:48:21.960 ionFullApp[8507:211511] CDVPlugin class PushPlugin (pluginName: PushPlugin) does not exist.
2015-05-16 23:48:21.960 ionFullApp[8507:211511] ERROR: Plugin 'PushPlugin' not found, or is not a CDVPlugin. Check your plugin mapping in config.xml.
2015-05-16 23:48:21.960 ionFullApp[8507:211511] -[CDVCommandQueue executePending] [Line 159] FAILED pluginJSON = ["PushPlugin1072949439","PushPlugin","register",[{"alert":true,"ecb":"angular.element(document.querySelector('[ng-app]')).injector().get('$cordovaPush').onNotification","sound":true,"badge":true}]]
2015-05-16 23:49:56.219 ionFullApp[10702:214842] DiskCookieStorage changing policy from 2 to 0, cookie file: file:///Users/marklovett/Library/Developer/CoreSimulator/Devices/4C78A1B3-8367-4322-B19D-5BAD2FA9DD1B/data/Containers/Data/Application/1132CF05-DE51-4299-AF4A-BCC37257681B/Library/Cookies/Cookies.binarycookies
2015-05-16 23:49:56.294 ionFullApp[10702:214842] Apache Cordova native platform version 3.8.0 is starting.
2015-05-16 23:49:56.295 ionFullApp[10702:214842] Multi-tasking -> Device: YES, App: YES
2015-05-16 23:49:56.297 ionFullApp[10702:214842] Unlimited access to network resources
2015-05-16 23:49:56.372 ionFullApp[10702:214842] CDVPlugin class CDVAdMobPlugin (pluginName: admob) does not exist.
2015-05-16 23:49:56.373 ionFullApp[10702:214842] [CDVTimer][admob] 0.198007ms
2015-05-16 23:49:56.373 ionFullApp[10702:214842] CDVPlugin class SocialSharing (pluginName: socialsharing) does not exist.
2015-05-16 23:49:56.373 ionFullApp[10702:214842] [CDVTimer][socialsharing] 0.108004ms
2015-05-16 23:49:56.373 ionFullApp[10702:214842] [CDVTimer][TotalPluginStartup] 0.549018ms
2015-05-16 23:49:56.445 ionFullApp[10702:214842] Resetting plugins due to page load.
2015-05-16 23:49:56.717 ionFullApp[10702:214842] Finished load of: file:///Users/marklovett/Library/Developer/CoreSimulator/Devices/4C78A1B3-8367-4322-B19D-5BAD2FA9DD1B/data/Containers/Bundle/Application/A25BCB41-D19E-473D-8180-F2047BC66C11/ionFullApp.app/www/index.html#/
2015-05-16 23:49:56.833 ionFullApp[10702:214842] CDVPlugin class CDVAppRate (pluginName: AppRate) does not exist.
2015-05-16 23:49:56.833 ionFullApp[10702:214842] ERROR: Plugin 'AppRate' not found, or is not a CDVPlugin. Check your plugin mapping in config.xml.
2015-05-16 23:49:56.833 ionFullApp[10702:214842] -[CDVCommandQueue executePending] [Line 159] FAILED pluginJSON = ["AppRate561357900","AppRate","getAppVersion",[]]
2015-05-16 23:49:56.839 ionFullApp[10702:214842] CDVPlugin class CDVAppRate (pluginName: AppRate) does not exist.
2015-05-16 23:49:56.839 ionFullApp[10702:214842] ERROR: Plugin 'AppRate' not found, or is not a CDVPlugin. Check your plugin mapping in config.xml.
2015-05-16 23:49:56.839 ionFullApp[10702:214842] -[CDVCommandQueue executePending] [Line 159] FAILED pluginJSON = ["AppRate561357901","AppRate","getAppTitle",[]]
2015-05-16 23:49:56.846 ionFullApp[10702:214842] CDVPlugin class PushPlugin (pluginName: PushPlugin) does not exist.
2015-05-16 23:49:56.846 ionFullApp[10702:214842] ERROR: Plugin 'PushPlugin' not found, or is not a CDVPlugin. Check your plugin mapping in config.xml.
2015-05-16 23:49:56.846 ionFullApp[10702:214842] -[CDVCommandQueue executePending] [Line 159] FAILED pluginJSON = ["PushPlugin561357902","PushPlugin","register",[{"alert":true,"ecb":"angular.element(document.querySelector('[ng-app]')).injector().get('$cordovaPush').onNotification","sound":true,"badge":true}]]
2015-05-16 23:59:09.310 ionFullApp[13066:221792] DiskCookieStorage changing policy from 2 to 0, cookie file: file:///Users/marklovett/Library/Developer/CoreSimulator/Devices/4C78A1B3-8367-4322-B19D-5BAD2FA9DD1B/data/Containers/Data/Application/0F4D6E53-8E3F-4E1F-888C-65FD9466EEB6/Library/Cookies/Cookies.binarycookies
2015-05-16 23:59:09.380 ionFullApp[13066:221792] Apache Cordova native platform version 3.8.0 is starting.
2015-05-16 23:59:09.380 ionFullApp[13066:221792] Multi-tasking -> Device: YES, App: YES
2015-05-16 23:59:09.382 ionFullApp[13066:221792] Unlimited access to network resources
2015-05-16 23:59:09.453 ionFullApp[13066:221792] CDVPlugin class CDVAdMobPlugin (pluginName: admob) does not exist.
2015-05-16 23:59:09.453 ionFullApp[13066:221792] [CDVTimer][admob] 0.162005ms
2015-05-16 23:59:09.453 ionFullApp[13066:221792] CDVPlugin class SocialSharing (pluginName: socialsharing) does not exist.
2015-05-16 23:59:09.454 ionFullApp[13066:221792] [CDVTimer][socialsharing] 0.105023ms
2015-05-16 23:59:09.454 ionFullApp[13066:221792] [CDVTimer][TotalPluginStartup] 0.519037ms
2015-05-16 23:59:09.485 ionFullApp[13066:221792] Resetting plugins due to page load.
2015-05-16 23:59:09.818 ionFullApp[13066:221792] Finished load of: file:///Users/marklovett/Library/Developer/CoreSimulator/Devices/4C78A1B3-8367-4322-B19D-5BAD2FA9DD1B/data/Containers/Bundle/Application/1E0046E7-70C0-485E-84A3-FC29E6865026/ionFullApp.app/www/index.html#/
2015-05-16 23:59:09.930 ionFullApp[13066:221792] CDVPlugin class CDVAppRate (pluginName: AppRate) does not exist.
2015-05-16 23:59:09.931 ionFullApp[13066:221792] ERROR: Plugin 'AppRate' not found, or is not a CDVPlugin. Check your plugin mapping in config.xml.
2015-05-16 23:59:09.931 ionFullApp[13066:221792] -[CDVCommandQueue executePending] [Line 159] FAILED pluginJSON = ["AppRate5830782","AppRate","getAppVersion",[]]
2015-05-16 23:59:09.933 ionFullApp[13066:221792] CDVPlugin class CDVAppRate (pluginName: AppRate) does not exist.
2015-05-16 23:59:09.933 ionFullApp[13066:221792] ERROR: Plugin 'AppRate' not found, or is not a CDVPlugin. Check your plugin mapping in config.xml.
2015-05-16 23:59:09.933 ionFullApp[13066:221792] -[CDVCommandQueue executePending] [Line 159] FAILED pluginJSON = ["AppRate5830783","AppRate","getAppTitle",[]]
2015-05-16 23:59:09.938 ionFullApp[13066:221792] CDVPlugin class PushPlugin (pluginName: PushPlugin) does not exist.
2015-05-16 23:59:09.938 ionFullApp[13066:221792] ERROR: Plugin 'PushPlugin' not found, or is not a CDVPlugin. Check your plugin mapping in config.xml.
2015-05-16 23:59:09.938 ionFullApp[13066:221792] -[CDVCommandQueue executePending] [Line 159] FAILED pluginJSON = ["PushPlugin5830784","PushPlugin","register",[{"alert":true,"ecb":"angular.element(document.querySelector('[ng-app]')).injector().get('$cordovaPush').onNotification","sound":true,"badge":true}]]
2015-05-17 13:09:37.770 ionFullApp[3081:25015] DiskCookieStorage changing policy from 2 to 0, cookie file: file:///Users/marklovett/Library/Developer/CoreSimulator/Devices/4C78A1B3-8367-4322-B19D-5BAD2FA9DD1B/data/Containers/Data/Application/5BA574F1-9986-4DEC-A5CB-6193FC65078B/Library/Cookies/Cookies.binarycookies
2015-05-17 13:09:38.050 ionFullApp[3081:25015] Apache Cordova native platform version 3.8.0 is starting.
2015-05-17 13:09:38.051 ionFullApp[3081:25015] Multi-tasking -> Device: YES, App: YES
2015-05-17 13:09:38.067 ionFullApp[3081:25015] Unlimited access to network resources
2015-05-17 13:09:38.343 ionFullApp[3081:25015] CDVPlugin class CDVAdMobPlugin (pluginName: admob) does not exist.
2015-05-17 13:09:38.343 ionFullApp[3081:25015] [CDVTimer][admob] 0.151038ms
2015-05-17 13:09:38.343 ionFullApp[3081:25015] CDVPlugin class SocialSharing (pluginName: socialsharing) does not exist.
2015-05-17 13:09:38.343 ionFullApp[3081:25015] [CDVTimer][socialsharing] 0.105023ms
2015-05-17 13:09:38.343 ionFullApp[3081:25015] [CDVTimer][TotalPluginStartup] 0.499964ms
2015-05-17 13:09:38.497 ionFullApp[3081:25015] Resetting plugins due to page load.
2015-05-17 13:09:39.019 ionFullApp[3081:25015] Finished load of: file:///Users/marklovett/Library/Developer/CoreSimulator/Devices/4C78A1B3-8367-4322-B19D-5BAD2FA9DD1B/data/Containers/Bundle/Application/CE18A791-D62F-47FD-9879-6ACDC190E574/ionFullApp.app/www/index.html#/
2015-05-17 13:09:39.166 ionFullApp[3081:25015] CDVPlugin class CDVAppRate (pluginName: AppRate) does not exist.
2015-05-17 13:09:39.166 ionFullApp[3081:25015] ERROR: Plugin 'AppRate' not found, or is not a CDVPlugin. Check your plugin mapping in config.xml.
2015-05-17 13:09:39.166 ionFullApp[3081:25015] -[CDVCommandQueue executePending] [Line 159] FAILED pluginJSON = ["AppRate1517800080","AppRate","getAppVersion",[]]
2015-05-17 13:09:39.168 ionFullApp[3081:25015] CDVPlugin class CDVAppRate (pluginName: AppRate) does not exist.
2015-05-17 13:09:39.168 ionFullApp[3081:25015] ERROR: Plugin 'AppRate' not found, or is not a CDVPlugin. Check your plugin mapping in config.xml.
2015-05-17 13:09:39.169 ionFullApp[3081:25015] -[CDVCommandQueue executePending] [Line 159] FAILED pluginJSON = ["AppRate1517800081","AppRate","getAppTitle",[]]
2015-05-17 13:09:39.177 ionFullApp[3081:25015] CDVPlugin class PushPlugin (pluginName: PushPlugin) does not exist.
2015-05-17 13:09:39.177 ionFullApp[3081:25015] ERROR: Plugin 'PushPlugin' not found, or is not a CDVPlugin. Check your plugin mapping in config.xml.
2015-05-17 13:09:39.177 ionFullApp[3081:25015] -[CDVCommandQueue executePending] [Line 159] FAILED pluginJSON = ["PushPlugin1517800082","PushPlugin","register",[{"alert":true,"ecb":"angular.element(document.querySelector('[ng-app]')).injector().get('$cordovaPush').onNotification","sound":true,"badge":true}]]
2015-05-17 16:09:10.007 ionFullApp[6300:89093] DiskCookieStorage changing policy from 2 to 0, cookie file: file:///Users/marklovett/Library/Developer/CoreSimulator/Devices/4C78A1B3-8367-4322-B19D-5BAD2FA9DD1B/data/Containers/Data/Application/C46F8C03-9D19-4000-8713-B96132C51576/Library/Cookies/Cookies.binarycookies
2015-05-17 16:09:10.086 ionFullApp[6300:89093] Apache Cordova native platform version 3.8.0 is starting.
2015-05-17 16:09:10.087 ionFullApp[6300:89093] Multi-tasking -> Device: YES, App: YES
2015-05-17 16:09:10.089 ionFullApp[6300:89093] Unlimited access to network resources
2015-05-17 16:09:10.166 ionFullApp[6300:89093] CDVPlugin class CDVAdMobPlugin (pluginName: admob) does not exist.
2015-05-17 16:09:10.166 ionFullApp[6300:89093] [CDVTimer][admob] 0.155985ms
2015-05-17 16:09:10.166 ionFullApp[6300:89093] CDVPlugin class SocialSharing (pluginName: socialsharing) does not exist.
2015-05-17 16:09:10.166 ionFullApp[6300:89093] [CDVTimer][socialsharing] 0.115037ms
2015-05-17 16:09:10.166 ionFullApp[6300:89093] [CDVTimer][TotalPluginStartup] 0.528991ms
2015-05-17 16:09:10.201 ionFullApp[6300:89093] Resetting plugins due to page load.
2015-05-17 16:09:10.622 ionFullApp[6300:89093] Finished load of: file:///Users/marklovett/Library/Developer/CoreSimulator/Devices/4C78A1B3-8367-4322-B19D-5BAD2FA9DD1B/data/Containers/Bundle/Application/C1E57CCA-D97C-4577-A46B-89BF8FF067C0/ionFullApp.app/www/index.html#/
2015-05-17 16:09:10.740 ionFullApp[6300:89093] CDVPlugin class CDVAppRate (pluginName: AppRate) does not exist.
2015-05-17 16:09:10.740 ionFullApp[6300:89093] ERROR: Plugin 'AppRate' not found, or is not a CDVPlugin. Check your plugin mapping in config.xml.
2015-05-17 16:09:10.741 ionFullApp[6300:89093] -[CDVCommandQueue executePending] [Line 159] FAILED pluginJSON = ["AppRate1610941070","AppRate","getAppVersion",[]]
2015-05-17 16:09:10.742 ionFullApp[6300:89093] CDVPlugin class CDVAppRate (pluginName: AppRate) does not exist.
2015-05-17 16:09:10.742 ionFullApp[6300:89093] ERROR: Plugin 'AppRate' not found, or is not a CDVPlugin. Check your plugin mapping in config.xml.
2015-05-17 16:09:10.742 ionFullApp[6300:89093] -[CDVCommandQueue executePending] [Line 159] FAILED pluginJSON = ["AppRate1610941071","AppRate","getAppTitle",[]]
2015-05-17 16:09:10.748 ionFullApp[6300:89093] CDVPlugin class PushPlugin (pluginName: PushPlugin) does not exist.
2015-05-17 16:09:10.749 ionFullApp[6300:89093] ERROR: Plugin 'PushPlugin' not found, or is not a CDVPlugin. Check your plugin mapping in config.xml.
2015-05-17 16:09:10.749 ionFullApp[6300:89093] -[CDVCommandQueue executePending] [Line 159] FAILED pluginJSON = ["PushPlugin1610941072","PushPlugin","register",[{"alert":true,"ecb":"angular.element(document.querySelector('[ng-app]')).injector().get('$cordovaPush').onNotification","sound":true,"badge":true}]]
